<?xml version="1.0" encoding="UTF-8"?><testsuite errors="0" failures="0" name="com.gorest.gorestinfo.CURDTest" skipped="0" tests="4" time="7.18" timestamp="2023-06-06T10:15:52.282+01:00[Europe/London]"><testcase classname="com.gorest.gorestinfo.CURDTest" name="Creating new user."/><testcase classname="com.gorest.gorestinfo.CURDTest" name="Verifying user was created."/><testcase classname="com.gorest.gorestinfo.CURDTest" name="Updating the user and verifying updated information."/><testcase classname="com.gorest.gorestinfo.CURDTest" name="Deleting the user and verifying user was deleted."/></testsuite>